2015-03-09 14:49:57 - PHP Notice:  Undefined index: view_product in D:\xampp\htdocs\mstore\catalog\controller\common\footer.php on line 88
2015-03-09 14:49:57 - PHP Warning:  array_chunk(): Size parameter expected to be greater than 0 in D:\xampp\htdocs\mstore\catalog\view\theme\default\template\common\header.tpl on line 173
2015-03-09 14:49:57 - PHP Warning:  Invalid argument supplied for foreach() in D:\xampp\htdocs\mstore\catalog\view\theme\default\template\common\header.tpl on line 173
2015-03-09 14:50:07 - PHP Notice:  Undefined index: view_product in D:\xampp\htdocs\mstore\catalog\controller\product\product.php on line 162
2015-03-09 14:50:09 - PHP Warning:  array_chunk(): Size parameter expected to be greater than 0 in D:\xampp\htdocs\mstore\catalog\view\theme\default\template\common\header.tpl on line 173
2015-03-09 14:50:09 - PHP Warning:  Invalid argument supplied for foreach() in D:\xampp\htdocs\mstore\catalog\view\theme\default\template\common\header.tpl on line 173
2015-03-09 14:53:45 - PHP Warning:  array_chunk(): Size parameter expected to be greater than 0 in D:\xampp\htdocs\mstore\catalog\view\theme\default\template\common\header.tpl on line 173
2015-03-09 14:53:45 - PHP Warning:  Invalid argument supplied for foreach() in D:\xampp\htdocs\mstore\catalog\view\theme\default\template\common\header.tpl on line 173
2015-03-09 14:54:00 - PHP Notice:  Undefined offset: 6 in D:\xampp\htdocs\mstore\catalog\model\catalog\product.php on line 594
2015-03-09 14:54:00 - PHP Notice:  Undefined index: view_product in D:\xampp\htdocs\mstore\catalog\controller\common\footer.php on line 88
2015-03-09 14:54:00 - PHP Warning:  array_chunk(): Size parameter expected to be greater than 0 in D:\xampp\htdocs\mstore\catalog\view\theme\default\template\common\header.tpl on line 173
2015-03-09 14:54:00 - PHP Warning:  Invalid argument supplied for foreach() in D:\xampp\htdocs\mstore\catalog\view\theme\default\template\common\header.tpl on line 173
2015-03-09 14:55:42 - PHP Notice:  Undefined index: view_product in D:\xampp\htdocs\mstore\catalog\controller\common\footer.php on line 88
2015-03-09 14:55:42 - PHP Warning:  array_chunk(): Size parameter expected to be greater than 0 in D:\xampp\htdocs\mstore\catalog\view\theme\default\template\common\header.tpl on line 173
2015-03-09 14:55:42 - PHP Warning:  Invalid argument supplied for foreach() in D:\xampp\htdocs\mstore\catalog\view\theme\default\template\common\header.tpl on line 173
2015-03-09 14:57:07 - PHP Warning:  array_chunk(): Size parameter expected to be greater than 0 in D:\xampp\htdocs\mstore\catalog\view\theme\default\template\common\header.tpl on line 173
2015-03-09 14:57:07 - PHP Warning:  Invalid argument supplied for foreach() in D:\xampp\htdocs\mstore\catalog\view\theme\default\template\common\header.tpl on line 173
2015-03-09 14:57:22 - PHP Warning:  array_chunk(): Size parameter expected to be greater than 0 in D:\xampp\htdocs\mstore\catalog\view\theme\default\template\common\header.tpl on line 173
2015-03-09 14:57:22 - PHP Warning:  Invalid argument supplied for foreach() in D:\xampp\htdocs\mstore\catalog\view\theme\default\template\common\header.tpl on line 173
2015-03-09 14:57:31 - PHP Warning:  array_chunk(): Size parameter expected to be greater than 0 in D:\xampp\htdocs\mstore\catalog\view\theme\default\template\common\header.tpl on line 173
2015-03-09 14:57:31 - PHP Warning:  Invalid argument supplied for foreach() in D:\xampp\htdocs\mstore\catalog\view\theme\default\template\common\header.tpl on line 173
2015-03-09 15:05:15 - PHP Warning:  array_chunk(): Size parameter expected to be greater than 0 in D:\xampp\htdocs\mstore\catalog\view\theme\default\template\common\header.tpl on line 173
2015-03-09 15:05:15 - PHP Warning:  Invalid argument supplied for foreach() in D:\xampp\htdocs\mstore\catalog\view\theme\default\template\common\header.tpl on line 173
2015-03-09 15:05:25 - PHP Warning:  array_chunk(): Size parameter expected to be greater than 0 in D:\xampp\htdocs\mstore\catalog\view\theme\default\template\common\header.tpl on line 173
2015-03-09 15:05:25 - PHP Warning:  Invalid argument supplied for foreach() in D:\xampp\htdocs\mstore\catalog\view\theme\default\template\common\header.tpl on line 173
2015-03-09 15:05:30 - PHP Warning:  array_chunk(): Size parameter expected to be greater than 0 in D:\xampp\htdocs\mstore\catalog\view\theme\default\template\common\header.tpl on line 173
2015-03-09 15:05:30 - PHP Warning:  Invalid argument supplied for foreach() in D:\xampp\htdocs\mstore\catalog\view\theme\default\template\common\header.tpl on line 173
2015-03-09 15:05:37 - PHP Warning:  array_chunk(): Size parameter expected to be greater than 0 in D:\xampp\htdocs\mstore\catalog\view\theme\default\template\common\header.tpl on line 173
2015-03-09 15:05:37 - PHP Warning:  Invalid argument supplied for foreach() in D:\xampp\htdocs\mstore\catalog\view\theme\default\template\common\header.tpl on line 173
2015-03-09 15:05:41 - PHP Warning:  array_chunk(): Size parameter expected to be greater than 0 in D:\xampp\htdocs\mstore\catalog\view\theme\default\template\common\header.tpl on line 173
2015-03-09 15:05:41 - PHP Warning:  Invalid argument supplied for foreach() in D:\xampp\htdocs\mstore\catalog\view\theme\default\template\common\header.tpl on line 173
2015-03-09 15:09:09 - PHP Warning:  array_chunk(): Size parameter expected to be greater than 0 in D:\xampp\htdocs\mstore\catalog\view\theme\default\template\common\header.tpl on line 173
2015-03-09 15:09:09 - PHP Warning:  Invalid argument supplied for foreach() in D:\xampp\htdocs\mstore\catalog\view\theme\default\template\common\header.tpl on line 173
2015-03-09 15:09:30 - PHP Warning:  array_chunk(): Size parameter expected to be greater than 0 in D:\xampp\htdocs\mstore\catalog\view\theme\default\template\common\header.tpl on line 173
2015-03-09 15:09:30 - PHP Warning:  Invalid argument supplied for foreach() in D:\xampp\htdocs\mstore\catalog\view\theme\default\template\common\header.tpl on line 173
2015-03-09 15:09:57 - PHP Warning:  array_chunk(): Size parameter expected to be greater than 0 in D:\xampp\htdocs\mstore\catalog\view\theme\default\template\common\header.tpl on line 173
2015-03-09 15:09:57 - PHP Warning:  Invalid argument supplied for foreach() in D:\xampp\htdocs\mstore\catalog\view\theme\default\template\common\header.tpl on line 173
2015-03-09 15:10:00 - PHP Warning:  array_chunk(): Size parameter expected to be greater than 0 in D:\xampp\htdocs\mstore\catalog\view\theme\default\template\common\header.tpl on line 173
2015-03-09 15:10:00 - PHP Warning:  Invalid argument supplied for foreach() in D:\xampp\htdocs\mstore\catalog\view\theme\default\template\common\header.tpl on line 173
2015-03-09 15:10:04 - PHP Warning:  array_chunk(): Size parameter expected to be greater than 0 in D:\xampp\htdocs\mstore\catalog\view\theme\default\template\common\header.tpl on line 173
2015-03-09 15:10:04 - PHP Warning:  Invalid argument supplied for foreach() in D:\xampp\htdocs\mstore\catalog\view\theme\default\template\common\header.tpl on line 173
2015-03-09 15:10:09 - PHP Warning:  array_chunk(): Size parameter expected to be greater than 0 in D:\xampp\htdocs\mstore\catalog\view\theme\default\template\common\header.tpl on line 173
2015-03-09 15:10:09 - PHP Warning:  Invalid argument supplied for foreach() in D:\xampp\htdocs\mstore\catalog\view\theme\default\template\common\header.tpl on line 173
2015-03-09 15:10:13 - PHP Warning:  array_chunk(): Size parameter expected to be greater than 0 in D:\xampp\htdocs\mstore\catalog\view\theme\default\template\common\header.tpl on line 173
2015-03-09 15:10:13 - PHP Warning:  Invalid argument supplied for foreach() in D:\xampp\htdocs\mstore\catalog\view\theme\default\template\common\header.tpl on line 173
2015-03-09 15:10:16 - PHP Warning:  array_chunk(): Size parameter expected to be greater than 0 in D:\xampp\htdocs\mstore\catalog\view\theme\default\template\common\header.tpl on line 173
2015-03-09 15:10:16 - PHP Warning:  Invalid argument supplied for foreach() in D:\xampp\htdocs\mstore\catalog\view\theme\default\template\common\header.tpl on line 173
2015-03-09 15:15:21 - PHP Warning:  array_chunk(): Size parameter expected to be greater than 0 in D:\xampp\htdocs\mstore\catalog\view\theme\default\template\common\header.tpl on line 173
2015-03-09 15:15:21 - PHP Warning:  Invalid argument supplied for foreach() in D:\xampp\htdocs\mstore\catalog\view\theme\default\template\common\header.tpl on line 173
2015-03-09 15:25:12 - PHP Warning:  array_chunk(): Size parameter expected to be greater than 0 in D:\xampp\htdocs\mstore\catalog\view\theme\default\template\common\header.tpl on line 173
2015-03-09 15:25:12 - PHP Warning:  Invalid argument supplied for foreach() in D:\xampp\htdocs\mstore\catalog\view\theme\default\template\common\header.tpl on line 173
2015-03-09 15:25:39 - PHP Warning:  array_chunk(): Size parameter expected to be greater than 0 in D:\xampp\htdocs\mstore\catalog\view\theme\default\template\common\header.tpl on line 173
2015-03-09 15:25:39 - PHP Warning:  Invalid argument supplied for foreach() in D:\xampp\htdocs\mstore\catalog\view\theme\default\template\common\header.tpl on line 173
2015-03-09 15:27:01 - PHP Warning:  array_chunk(): Size parameter expected to be greater than 0 in D:\xampp\htdocs\mstore\catalog\view\theme\default\template\common\header.tpl on line 173
2015-03-09 15:27:01 - PHP Warning:  Invalid argument supplied for foreach() in D:\xampp\htdocs\mstore\catalog\view\theme\default\template\common\header.tpl on line 173
2015-03-09 15:32:30 - PHP Warning:  array_chunk(): Size parameter expected to be greater than 0 in D:\xampp\htdocs\mstore\catalog\view\theme\default\template\common\header.tpl on line 173
2015-03-09 15:32:30 - PHP Warning:  Invalid argument supplied for foreach() in D:\xampp\htdocs\mstore\catalog\view\theme\default\template\common\header.tpl on line 173
2015-03-09 15:33:05 - PHP Warning:  array_chunk(): Size parameter expected to be greater than 0 in D:\xampp\htdocs\mstore\catalog\view\theme\default\template\common\header.tpl on line 173
2015-03-09 15:33:05 - PHP Warning:  Invalid argument supplied for foreach() in D:\xampp\htdocs\mstore\catalog\view\theme\default\template\common\header.tpl on line 173
2015-03-09 15:33:09 - PHP Warning:  array_chunk(): Size parameter expected to be greater than 0 in D:\xampp\htdocs\mstore\catalog\view\theme\default\template\common\header.tpl on line 173
2015-03-09 15:33:09 - PHP Warning:  Invalid argument supplied for foreach() in D:\xampp\htdocs\mstore\catalog\view\theme\default\template\common\header.tpl on line 173
2015-03-09 15:33:11 - PHP Warning:  array_chunk(): Size parameter expected to be greater than 0 in D:\xampp\htdocs\mstore\catalog\view\theme\default\template\common\header.tpl on line 173
2015-03-09 15:33:11 - PHP Warning:  Invalid argument supplied for foreach() in D:\xampp\htdocs\mstore\catalog\view\theme\default\template\common\header.tpl on line 173
2015-03-09 15:33:13 - PHP Warning:  array_chunk(): Size parameter expected to be greater than 0 in D:\xampp\htdocs\mstore\catalog\view\theme\default\template\common\header.tpl on line 173
2015-03-09 15:33:13 - PHP Warning:  Invalid argument supplied for foreach() in D:\xampp\htdocs\mstore\catalog\view\theme\default\template\common\header.tpl on line 173
2015-03-09 15:33:17 - PHP Warning:  array_chunk(): Size parameter expected to be greater than 0 in D:\xampp\htdocs\mstore\catalog\view\theme\default\template\common\header.tpl on line 173
2015-03-09 15:33:17 - PHP Warning:  Invalid argument supplied for foreach() in D:\xampp\htdocs\mstore\catalog\view\theme\default\template\common\header.tpl on line 173
2015-03-09 15:33:20 - PHP Warning:  array_chunk(): Size parameter expected to be greater than 0 in D:\xampp\htdocs\mstore\catalog\view\theme\default\template\common\header.tpl on line 173
2015-03-09 15:33:20 - PHP Warning:  Invalid argument supplied for foreach() in D:\xampp\htdocs\mstore\catalog\view\theme\default\template\common\header.tpl on line 173
2015-03-09 15:33:24 - PHP Warning:  array_chunk(): Size parameter expected to be greater than 0 in D:\xampp\htdocs\mstore\catalog\view\theme\default\template\common\header.tpl on line 173
2015-03-09 15:33:24 - PHP Warning:  Invalid argument supplied for foreach() in D:\xampp\htdocs\mstore\catalog\view\theme\default\template\common\header.tpl on line 173
2015-03-09 15:34:20 - PHP Warning:  array_chunk(): Size parameter expected to be greater than 0 in D:\xampp\htdocs\mstore\catalog\view\theme\default\template\common\header.tpl on line 173
2015-03-09 15:34:20 - PHP Warning:  Invalid argument supplied for foreach() in D:\xampp\htdocs\mstore\catalog\view\theme\default\template\common\header.tpl on line 173
2015-03-09 15:34:58 - PHP Warning:  array_chunk(): Size parameter expected to be greater than 0 in D:\xampp\htdocs\mstore\catalog\view\theme\default\template\common\header.tpl on line 173
2015-03-09 15:34:58 - PHP Warning:  Invalid argument supplied for foreach() in D:\xampp\htdocs\mstore\catalog\view\theme\default\template\common\header.tpl on line 173
2015-03-09 15:35:25 - PHP Warning:  array_chunk(): Size parameter expected to be greater than 0 in D:\xampp\htdocs\mstore\catalog\view\theme\default\template\common\header.tpl on line 173
2015-03-09 15:35:25 - PHP Warning:  Invalid argument supplied for foreach() in D:\xampp\htdocs\mstore\catalog\view\theme\default\template\common\header.tpl on line 173
2015-03-09 15:38:31 - PHP Warning:  array_chunk(): Size parameter expected to be greater than 0 in D:\xampp\htdocs\mstore\catalog\view\theme\default\template\common\header.tpl on line 173
2015-03-09 15:38:31 - PHP Warning:  Invalid argument supplied for foreach() in D:\xampp\htdocs\mstore\catalog\view\theme\default\template\common\header.tpl on line 173
2015-03-09 15:40:22 - PHP Warning:  array_chunk(): Size parameter expected to be greater than 0 in D:\xampp\htdocs\mstore\catalog\view\theme\default\template\common\header.tpl on line 173
2015-03-09 15:40:22 - PHP Warning:  Invalid argument supplied for foreach() in D:\xampp\htdocs\mstore\catalog\view\theme\default\template\common\header.tpl on line 173
2015-03-09 15:49:05 - PHP Warning:  array_chunk(): Size parameter expected to be greater than 0 in D:\xampp\htdocs\mstore\catalog\view\theme\default\template\common\header.tpl on line 173
2015-03-09 15:49:05 - PHP Warning:  Invalid argument supplied for foreach() in D:\xampp\htdocs\mstore\catalog\view\theme\default\template\common\header.tpl on line 173
2015-03-09 15:49:41 - PHP Warning:  array_chunk(): Size parameter expected to be greater than 0 in D:\xampp\htdocs\mstore\catalog\view\theme\default\template\common\header.tpl on line 173
2015-03-09 15:49:41 - PHP Warning:  Invalid argument supplied for foreach() in D:\xampp\htdocs\mstore\catalog\view\theme\default\template\common\header.tpl on line 173
2015-03-09 15:51:23 - PHP Warning:  array_chunk(): Size parameter expected to be greater than 0 in D:\xampp\htdocs\mstore\catalog\view\theme\default\template\common\header.tpl on line 173
2015-03-09 15:51:23 - PHP Warning:  Invalid argument supplied for foreach() in D:\xampp\htdocs\mstore\catalog\view\theme\default\template\common\header.tpl on line 173
2015-03-09 15:51:33 - PHP Warning:  array_chunk(): Size parameter expected to be greater than 0 in D:\xampp\htdocs\mstore\catalog\view\theme\default\template\common\header.tpl on line 173
2015-03-09 15:51:33 - PHP Warning:  Invalid argument supplied for foreach() in D:\xampp\htdocs\mstore\catalog\view\theme\default\template\common\header.tpl on line 173
2015-03-09 15:56:15 - PHP Warning:  array_chunk(): Size parameter expected to be greater than 0 in D:\xampp\htdocs\mstore\catalog\view\theme\default\template\common\header.tpl on line 173
2015-03-09 15:56:15 - PHP Warning:  Invalid argument supplied for foreach() in D:\xampp\htdocs\mstore\catalog\view\theme\default\template\common\header.tpl on line 173
2015-03-09 15:56:52 - PHP Warning:  array_chunk(): Size parameter expected to be greater than 0 in D:\xampp\htdocs\mstore\catalog\view\theme\default\template\common\header.tpl on line 173
2015-03-09 15:56:52 - PHP Warning:  Invalid argument supplied for foreach() in D:\xampp\htdocs\mstore\catalog\view\theme\default\template\common\header.tpl on line 173
2015-03-09 15:57:58 - PHP Warning:  array_chunk(): Size parameter expected to be greater than 0 in D:\xampp\htdocs\mstore\catalog\view\theme\default\template\common\header.tpl on line 173
2015-03-09 15:57:58 - PHP Warning:  Invalid argument supplied for foreach() in D:\xampp\htdocs\mstore\catalog\view\theme\default\template\common\header.tpl on line 173
2015-03-09 16:01:05 - PHP Warning:  array_chunk(): Size parameter expected to be greater than 0 in D:\xampp\htdocs\mstore\catalog\view\theme\default\template\common\header.tpl on line 173
2015-03-09 16:01:05 - PHP Warning:  Invalid argument supplied for foreach() in D:\xampp\htdocs\mstore\catalog\view\theme\default\template\common\header.tpl on line 173
2015-03-09 16:01:31 - PHP Warning:  array_chunk(): Size parameter expected to be greater than 0 in D:\xampp\htdocs\mstore\catalog\view\theme\default\template\common\header.tpl on line 173
2015-03-09 16:01:31 - PHP Warning:  Invalid argument supplied for foreach() in D:\xampp\htdocs\mstore\catalog\view\theme\default\template\common\header.tpl on line 173
2015-03-09 16:01:51 - PHP Warning:  array_chunk(): Size parameter expected to be greater than 0 in D:\xampp\htdocs\mstore\catalog\view\theme\default\template\common\header.tpl on line 173
2015-03-09 16:01:51 - PHP Warning:  Invalid argument supplied for foreach() in D:\xampp\htdocs\mstore\catalog\view\theme\default\template\common\header.tpl on line 173
2015-03-09 16:02:01 - PHP Warning:  array_chunk(): Size parameter expected to be greater than 0 in D:\xampp\htdocs\mstore\catalog\view\theme\default\template\common\header.tpl on line 173
2015-03-09 16:02:01 - PHP Warning:  Invalid argument supplied for foreach() in D:\xampp\htdocs\mstore\catalog\view\theme\default\template\common\header.tpl on line 173
2015-03-09 16:02:58 - PHP Warning:  array_chunk(): Size parameter expected to be greater than 0 in D:\xampp\htdocs\mstore\catalog\view\theme\default\template\common\header.tpl on line 173
2015-03-09 16:02:58 - PHP Warning:  Invalid argument supplied for foreach() in D:\xampp\htdocs\mstore\catalog\view\theme\default\template\common\header.tpl on line 173
2015-03-09 16:04:12 - PHP Warning:  array_chunk(): Size parameter expected to be greater than 0 in D:\xampp\htdocs\mstore\catalog\view\theme\default\template\common\header.tpl on line 173
2015-03-09 16:04:12 - PHP Warning:  Invalid argument supplied for foreach() in D:\xampp\htdocs\mstore\catalog\view\theme\default\template\common\header.tpl on line 173
2015-03-09 16:04:30 - PHP Warning:  array_chunk(): Size parameter expected to be greater than 0 in D:\xampp\htdocs\mstore\catalog\view\theme\default\template\common\header.tpl on line 173
2015-03-09 16:04:30 - PHP Warning:  Invalid argument supplied for foreach() in D:\xampp\htdocs\mstore\catalog\view\theme\default\template\common\header.tpl on line 173
2015-03-09 16:05:47 - PHP Warning:  array_chunk(): Size parameter expected to be greater than 0 in D:\xampp\htdocs\mstore\catalog\view\theme\default\template\common\header.tpl on line 173
2015-03-09 16:05:47 - PHP Warning:  Invalid argument supplied for foreach() in D:\xampp\htdocs\mstore\catalog\view\theme\default\template\common\header.tpl on line 173
2015-03-09 16:06:10 - PHP Warning:  array_chunk(): Size parameter expected to be greater than 0 in D:\xampp\htdocs\mstore\catalog\view\theme\default\template\common\header.tpl on line 173
2015-03-09 16:06:10 - PHP Warning:  Invalid argument supplied for foreach() in D:\xampp\htdocs\mstore\catalog\view\theme\default\template\common\header.tpl on line 173
2015-03-09 16:06:38 - PHP Warning:  array_chunk(): Size parameter expected to be greater than 0 in D:\xampp\htdocs\mstore\catalog\view\theme\default\template\common\header.tpl on line 173
2015-03-09 16:06:38 - PHP Warning:  Invalid argument supplied for foreach() in D:\xampp\htdocs\mstore\catalog\view\theme\default\template\common\header.tpl on line 173
2015-03-09 16:06:46 - PHP Warning:  array_chunk(): Size parameter expected to be greater than 0 in D:\xampp\htdocs\mstore\catalog\view\theme\default\template\common\header.tpl on line 173
2015-03-09 16:06:46 - PHP Warning:  Invalid argument supplied for foreach() in D:\xampp\htdocs\mstore\catalog\view\theme\default\template\common\header.tpl on line 173
2015-03-09 16:08:11 - PHP Warning:  array_chunk(): Size parameter expected to be greater than 0 in D:\xampp\htdocs\mstore\catalog\view\theme\default\template\common\header.tpl on line 173
2015-03-09 16:08:11 - PHP Warning:  Invalid argument supplied for foreach() in D:\xampp\htdocs\mstore\catalog\view\theme\default\template\common\header.tpl on line 173
2015-03-09 16:08:53 - PHP Warning:  array_chunk(): Size parameter expected to be greater than 0 in D:\xampp\htdocs\mstore\catalog\view\theme\default\template\common\header.tpl on line 173
2015-03-09 16:08:53 - PHP Warning:  Invalid argument supplied for foreach() in D:\xampp\htdocs\mstore\catalog\view\theme\default\template\common\header.tpl on line 173
2015-03-09 16:09:50 - PHP Warning:  array_chunk(): Size parameter expected to be greater than 0 in D:\xampp\htdocs\mstore\catalog\view\theme\default\template\common\header.tpl on line 173
2015-03-09 16:09:50 - PHP Warning:  Invalid argument supplied for foreach() in D:\xampp\htdocs\mstore\catalog\view\theme\default\template\common\header.tpl on line 173
2015-03-09 16:10:28 - PHP Warning:  array_chunk(): Size parameter expected to be greater than 0 in D:\xampp\htdocs\mstore\catalog\view\theme\default\template\common\header.tpl on line 173
2015-03-09 16:10:28 - PHP Warning:  Invalid argument supplied for foreach() in D:\xampp\htdocs\mstore\catalog\view\theme\default\template\common\header.tpl on line 173
2015-03-09 16:19:50 - PHP Warning:  array_chunk(): Size parameter expected to be greater than 0 in D:\xampp\htdocs\mstore\catalog\view\theme\default\template\common\header.tpl on line 173
2015-03-09 16:19:50 - PHP Warning:  Invalid argument supplied for foreach() in D:\xampp\htdocs\mstore\catalog\view\theme\default\template\common\header.tpl on line 173
2015-03-09 16:20:52 - PHP Warning:  array_chunk(): Size parameter expected to be greater than 0 in D:\xampp\htdocs\mstore\catalog\view\theme\default\template\common\header.tpl on line 173
2015-03-09 16:20:52 - PHP Warning:  Invalid argument supplied for foreach() in D:\xampp\htdocs\mstore\catalog\view\theme\default\template\common\header.tpl on line 173
2015-03-09 16:21:02 - PHP Warning:  array_chunk(): Size parameter expected to be greater than 0 in D:\xampp\htdocs\mstore\catalog\view\theme\default\template\common\header.tpl on line 173
2015-03-09 16:21:02 - PHP Warning:  Invalid argument supplied for foreach() in D:\xampp\htdocs\mstore\catalog\view\theme\default\template\common\header.tpl on line 173
2015-03-09 16:21:43 - PHP Warning:  array_chunk(): Size parameter expected to be greater than 0 in D:\xampp\htdocs\mstore\catalog\view\theme\default\template\common\header.tpl on line 173
2015-03-09 16:21:43 - PHP Warning:  Invalid argument supplied for foreach() in D:\xampp\htdocs\mstore\catalog\view\theme\default\template\common\header.tpl on line 173
2015-03-09 16:22:21 - PHP Warning:  array_chunk(): Size parameter expected to be greater than 0 in D:\xampp\htdocs\mstore\catalog\view\theme\default\template\common\header.tpl on line 173
2015-03-09 16:22:21 - PHP Warning:  Invalid argument supplied for foreach() in D:\xampp\htdocs\mstore\catalog\view\theme\default\template\common\header.tpl on line 173
2015-03-09 16:22:51 - PHP Warning:  array_chunk(): Size parameter expected to be greater than 0 in D:\xampp\htdocs\mstore\catalog\view\theme\default\template\common\header.tpl on line 173
2015-03-09 16:22:51 - PHP Warning:  Invalid argument supplied for foreach() in D:\xampp\htdocs\mstore\catalog\view\theme\default\template\common\header.tpl on line 173
2015-03-09 16:24:12 - PHP Warning:  array_chunk(): Size parameter expected to be greater than 0 in D:\xampp\htdocs\mstore\catalog\view\theme\default\template\common\header.tpl on line 173
2015-03-09 16:24:12 - PHP Warning:  Invalid argument supplied for foreach() in D:\xampp\htdocs\mstore\catalog\view\theme\default\template\common\header.tpl on line 173
2015-03-09 16:24:53 - PHP Warning:  array_chunk(): Size parameter expected to be greater than 0 in D:\xampp\htdocs\mstore\catalog\view\theme\default\template\common\header.tpl on line 173
2015-03-09 16:24:53 - PHP Warning:  Invalid argument supplied for foreach() in D:\xampp\htdocs\mstore\catalog\view\theme\default\template\common\header.tpl on line 173
2015-03-09 16:25:42 - PHP Warning:  array_chunk(): Size parameter expected to be greater than 0 in D:\xampp\htdocs\mstore\catalog\view\theme\default\template\common\header.tpl on line 173
2015-03-09 16:25:42 - PHP Warning:  Invalid argument supplied for foreach() in D:\xampp\htdocs\mstore\catalog\view\theme\default\template\common\header.tpl on line 173
2015-03-09 16:25:59 - PHP Warning:  array_chunk(): Size parameter expected to be greater than 0 in D:\xampp\htdocs\mstore\catalog\view\theme\default\template\common\header.tpl on line 173
2015-03-09 16:25:59 - PHP Warning:  Invalid argument supplied for foreach() in D:\xampp\htdocs\mstore\catalog\view\theme\default\template\common\header.tpl on line 173
2015-03-09 16:26:11 - PHP Warning:  array_chunk(): Size parameter expected to be greater than 0 in D:\xampp\htdocs\mstore\catalog\view\theme\default\template\common\header.tpl on line 173
2015-03-09 16:26:11 - PHP Warning:  Invalid argument supplied for foreach() in D:\xampp\htdocs\mstore\catalog\view\theme\default\template\common\header.tpl on line 173
2015-03-09 16:26:34 - PHP Warning:  array_chunk(): Size parameter expected to be greater than 0 in D:\xampp\htdocs\mstore\catalog\view\theme\default\template\common\header.tpl on line 173
2015-03-09 16:26:34 - PHP Warning:  Invalid argument supplied for foreach() in D:\xampp\htdocs\mstore\catalog\view\theme\default\template\common\header.tpl on line 173
2015-03-09 16:35:24 - PHP Warning:  array_chunk(): Size parameter expected to be greater than 0 in D:\xampp\htdocs\mstore\catalog\view\theme\default\template\common\header.tpl on line 173
2015-03-09 16:35:24 - PHP Warning:  Invalid argument supplied for foreach() in D:\xampp\htdocs\mstore\catalog\view\theme\default\template\common\header.tpl on line 173
2015-03-09 16:36:17 - PHP Warning:  array_chunk(): Size parameter expected to be greater than 0 in D:\xampp\htdocs\mstore\catalog\view\theme\default\template\common\header.tpl on line 173
2015-03-09 16:36:17 - PHP Warning:  Invalid argument supplied for foreach() in D:\xampp\htdocs\mstore\catalog\view\theme\default\template\common\header.tpl on line 173
2015-03-09 16:38:41 - PHP Warning:  array_chunk(): Size parameter expected to be greater than 0 in D:\xampp\htdocs\mstore\catalog\view\theme\default\template\common\header.tpl on line 173
2015-03-09 16:38:41 - PHP Warning:  Invalid argument supplied for foreach() in D:\xampp\htdocs\mstore\catalog\view\theme\default\template\common\header.tpl on line 173
2015-03-09 16:39:47 - PHP Warning:  array_chunk(): Size parameter expected to be greater than 0 in D:\xampp\htdocs\mstore\catalog\view\theme\default\template\common\header.tpl on line 173
2015-03-09 16:39:47 - PHP Warning:  Invalid argument supplied for foreach() in D:\xampp\htdocs\mstore\catalog\view\theme\default\template\common\header.tpl on line 173
2015-03-09 16:40:38 - PHP Warning:  array_chunk(): Size parameter expected to be greater than 0 in D:\xampp\htdocs\mstore\catalog\view\theme\default\template\common\header.tpl on line 173
2015-03-09 16:40:38 - PHP Warning:  Invalid argument supplied for foreach() in D:\xampp\htdocs\mstore\catalog\view\theme\default\template\common\header.tpl on line 173
2015-03-09 16:41:20 - PHP Warning:  array_chunk(): Size parameter expected to be greater than 0 in D:\xampp\htdocs\mstore\catalog\view\theme\default\template\common\header.tpl on line 173
2015-03-09 16:41:20 - PHP Warning:  Invalid argument supplied for foreach() in D:\xampp\htdocs\mstore\catalog\view\theme\default\template\common\header.tpl on line 173
2015-03-09 16:42:51 - PHP Warning:  array_chunk(): Size parameter expected to be greater than 0 in D:\xampp\htdocs\mstore\catalog\view\theme\default\template\common\header.tpl on line 173
2015-03-09 16:42:51 - PHP Warning:  Invalid argument supplied for foreach() in D:\xampp\htdocs\mstore\catalog\view\theme\default\template\common\header.tpl on line 173
2015-03-09 16:43:14 - PHP Warning:  array_chunk(): Size parameter expected to be greater than 0 in D:\xampp\htdocs\mstore\catalog\view\theme\default\template\common\header.tpl on line 173
2015-03-09 16:43:14 - PHP Warning:  Invalid argument supplied for foreach() in D:\xampp\htdocs\mstore\catalog\view\theme\default\template\common\header.tpl on line 173
2015-03-09 16:43:55 - PHP Warning:  array_chunk(): Size parameter expected to be greater than 0 in D:\xampp\htdocs\mstore\catalog\view\theme\default\template\common\header.tpl on line 173
2015-03-09 16:43:55 - PHP Warning:  Invalid argument supplied for foreach() in D:\xampp\htdocs\mstore\catalog\view\theme\default\template\common\header.tpl on line 173
2015-03-09 16:44:37 - PHP Warning:  array_chunk(): Size parameter expected to be greater than 0 in D:\xampp\htdocs\mstore\catalog\view\theme\default\template\common\header.tpl on line 173
2015-03-09 16:44:37 - PHP Warning:  Invalid argument supplied for foreach() in D:\xampp\htdocs\mstore\catalog\view\theme\default\template\common\header.tpl on line 173
2015-03-09 16:46:05 - PHP Warning:  array_chunk(): Size parameter expected to be greater than 0 in D:\xampp\htdocs\mstore\catalog\view\theme\default\template\common\header.tpl on line 173
2015-03-09 16:46:05 - PHP Warning:  Invalid argument supplied for foreach() in D:\xampp\htdocs\mstore\catalog\view\theme\default\template\common\header.tpl on line 173
2015-03-09 16:48:40 - PHP Warning:  array_chunk(): Size parameter expected to be greater than 0 in D:\xampp\htdocs\mstore\catalog\view\theme\default\template\common\header.tpl on line 173
2015-03-09 16:48:40 - PHP Warning:  Invalid argument supplied for foreach() in D:\xampp\htdocs\mstore\catalog\view\theme\default\template\common\header.tpl on line 173
2015-03-09 16:53:51 - PHP Warning:  array_chunk(): Size parameter expected to be greater than 0 in D:\xampp\htdocs\mstore\catalog\view\theme\default\template\common\header.tpl on line 173
2015-03-09 16:53:51 - PHP Warning:  Invalid argument supplied for foreach() in D:\xampp\htdocs\mstore\catalog\view\theme\default\template\common\header.tpl on line 173
2015-03-09 16:57:48 - PHP Warning:  array_chunk(): Size parameter expected to be greater than 0 in D:\xampp\htdocs\mstore\catalog\view\theme\default\template\common\header.tpl on line 173
2015-03-09 16:57:48 - PHP Warning:  Invalid argument supplied for foreach() in D:\xampp\htdocs\mstore\catalog\view\theme\default\template\common\header.tpl on line 173
2015-03-09 17:00:05 - PHP Warning:  array_chunk(): Size parameter expected to be greater than 0 in D:\xampp\htdocs\mstore\catalog\view\theme\default\template\common\header.tpl on line 173
2015-03-09 17:00:05 - PHP Warning:  Invalid argument supplied for foreach() in D:\xampp\htdocs\mstore\catalog\view\theme\default\template\common\header.tpl on line 173
2015-03-09 17:02:14 - PHP Warning:  array_chunk(): Size parameter expected to be greater than 0 in D:\xampp\htdocs\mstore\catalog\view\theme\default\template\common\header.tpl on line 173
2015-03-09 17:02:14 - PHP Warning:  Invalid argument supplied for foreach() in D:\xampp\htdocs\mstore\catalog\view\theme\default\template\common\header.tpl on line 173
2015-03-09 17:03:08 - PHP Warning:  array_chunk(): Size parameter expected to be greater than 0 in D:\xampp\htdocs\mstore\catalog\view\theme\default\template\common\header.tpl on line 173
2015-03-09 17:03:08 - PHP Warning:  Invalid argument supplied for foreach() in D:\xampp\htdocs\mstore\catalog\view\theme\default\template\common\header.tpl on line 173
2015-03-09 17:03:42 - PHP Warning:  array_chunk(): Size parameter expected to be greater than 0 in D:\xampp\htdocs\mstore\catalog\view\theme\default\template\common\header.tpl on line 173
2015-03-09 17:03:42 - PHP Warning:  Invalid argument supplied for foreach() in D:\xampp\htdocs\mstore\catalog\view\theme\default\template\common\header.tpl on line 173
2015-03-09 17:09:05 - PHP Warning:  array_chunk(): Size parameter expected to be greater than 0 in D:\xampp\htdocs\mstore\catalog\view\theme\default\template\common\header.tpl on line 173
2015-03-09 17:09:05 - PHP Warning:  Invalid argument supplied for foreach() in D:\xampp\htdocs\mstore\catalog\view\theme\default\template\common\header.tpl on line 173
2015-03-09 17:10:33 - PHP Warning:  array_chunk(): Size parameter expected to be greater than 0 in D:\xampp\htdocs\mstore\catalog\view\theme\default\template\common\header.tpl on line 173
2015-03-09 17:10:33 - PHP Warning:  Invalid argument supplied for foreach() in D:\xampp\htdocs\mstore\catalog\view\theme\default\template\common\header.tpl on line 173
2015-03-09 17:12:49 - PHP Warning:  array_chunk(): Size parameter expected to be greater than 0 in D:\xampp\htdocs\mstore\catalog\view\theme\default\template\common\header.tpl on line 173
2015-03-09 17:12:49 - PHP Warning:  Invalid argument supplied for foreach() in D:\xampp\htdocs\mstore\catalog\view\theme\default\template\common\header.tpl on line 173
2015-03-09 17:13:23 - PHP Warning:  array_chunk(): Size parameter expected to be greater than 0 in D:\xampp\htdocs\mstore\catalog\view\theme\default\template\common\header.tpl on line 173
2015-03-09 17:13:23 - PHP Warning:  Invalid argument supplied for foreach() in D:\xampp\htdocs\mstore\catalog\view\theme\default\template\common\header.tpl on line 173
2015-03-09 17:13:26 - PHP Warning:  array_chunk(): Size parameter expected to be greater than 0 in D:\xampp\htdocs\mstore\catalog\view\theme\default\template\common\header.tpl on line 173
2015-03-09 17:13:26 - PHP Warning:  Invalid argument supplied for foreach() in D:\xampp\htdocs\mstore\catalog\view\theme\default\template\common\header.tpl on line 173
2015-03-09 17:14:08 - PHP Warning:  array_chunk(): Size parameter expected to be greater than 0 in D:\xampp\htdocs\mstore\catalog\view\theme\default\template\common\header.tpl on line 173
2015-03-09 17:14:08 - PHP Warning:  Invalid argument supplied for foreach() in D:\xampp\htdocs\mstore\catalog\view\theme\default\template\common\header.tpl on line 173
2015-03-09 17:15:38 - PHP Warning:  array_chunk(): Size parameter expected to be greater than 0 in D:\xampp\htdocs\mstore\catalog\view\theme\default\template\common\header.tpl on line 173
2015-03-09 17:15:38 - PHP Warning:  Invalid argument supplied for foreach() in D:\xampp\htdocs\mstore\catalog\view\theme\default\template\common\header.tpl on line 173
2015-03-09 17:17:28 - PHP Warning:  array_chunk(): Size parameter expected to be greater than 0 in D:\xampp\htdocs\mstore\catalog\view\theme\default\template\common\header.tpl on line 173
2015-03-09 17:17:28 - PHP Warning:  Invalid argument supplied for foreach() in D:\xampp\htdocs\mstore\catalog\view\theme\default\template\common\header.tpl on line 173
2015-03-09 17:18:02 - PHP Warning:  array_chunk(): Size parameter expected to be greater than 0 in D:\xampp\htdocs\mstore\catalog\view\theme\default\template\common\header.tpl on line 173
2015-03-09 17:18:02 - PHP Warning:  Invalid argument supplied for foreach() in D:\xampp\htdocs\mstore\catalog\view\theme\default\template\common\header.tpl on line 173
2015-03-09 17:21:34 - PHP Warning:  array_chunk(): Size parameter expected to be greater than 0 in D:\xampp\htdocs\mstore\catalog\view\theme\default\template\common\header.tpl on line 173
2015-03-09 17:21:34 - PHP Warning:  Invalid argument supplied for foreach() in D:\xampp\htdocs\mstore\catalog\view\theme\default\template\common\header.tpl on line 173
2015-03-09 17:21:44 - PHP Warning:  array_chunk(): Size parameter expected to be greater than 0 in D:\xampp\htdocs\mstore\catalog\view\theme\default\template\common\header.tpl on line 173
2015-03-09 17:21:44 - PHP Warning:  Invalid argument supplied for foreach() in D:\xampp\htdocs\mstore\catalog\view\theme\default\template\common\header.tpl on line 173
2015-03-09 17:22:13 - PHP Warning:  array_chunk(): Size parameter expected to be greater than 0 in D:\xampp\htdocs\mstore\catalog\view\theme\default\template\common\header.tpl on line 173
2015-03-09 17:22:13 - PHP Warning:  Invalid argument supplied for foreach() in D:\xampp\htdocs\mstore\catalog\view\theme\default\template\common\header.tpl on line 173
2015-03-09 17:23:37 - PHP Warning:  array_chunk(): Size parameter expected to be greater than 0 in D:\xampp\htdocs\mstore\catalog\view\theme\default\template\common\header.tpl on line 173
2015-03-09 17:23:37 - PHP Warning:  Invalid argument supplied for foreach() in D:\xampp\htdocs\mstore\catalog\view\theme\default\template\common\header.tpl on line 173
2015-03-09 17:24:09 - PHP Warning:  array_chunk(): Size parameter expected to be greater than 0 in D:\xampp\htdocs\mstore\catalog\view\theme\default\template\common\header.tpl on line 173
2015-03-09 17:24:09 - PHP Warning:  Invalid argument supplied for foreach() in D:\xampp\htdocs\mstore\catalog\view\theme\default\template\common\header.tpl on line 173
2015-03-09 17:26:32 - PHP Warning:  array_chunk(): Size parameter expected to be greater than 0 in D:\xampp\htdocs\mstore\catalog\view\theme\default\template\common\header.tpl on line 173
2015-03-09 17:26:32 - PHP Warning:  Invalid argument supplied for foreach() in D:\xampp\htdocs\mstore\catalog\view\theme\default\template\common\header.tpl on line 173
2015-03-09 17:33:07 - PHP Notice:  Undefined index: id in D:\xampp\htdocs\mstore\catalog\controller\common\header.php on line 121
2015-03-09 17:33:07 - PHP Notice:  Undefined index: id in D:\xampp\htdocs\mstore\catalog\controller\common\header.php on line 121
2015-03-09 17:33:07 - PHP Notice:  Undefined index: id in D:\xampp\htdocs\mstore\catalog\controller\common\header.php on line 121
2015-03-09 17:33:07 - PHP Notice:  Undefined index: id in D:\xampp\htdocs\mstore\catalog\controller\common\header.php on line 121
2015-03-09 17:33:07 - PHP Warning:  Illegal string offset 'image' in D:\xampp\htdocs\mstore\catalog\view\theme\default\template\common\header.tpl on line 186
2015-03-09 17:33:07 - PHP Warning:  Illegal string offset 'name' in D:\xampp\htdocs\mstore\catalog\view\theme\default\template\common\header.tpl on line 187
2015-03-09 17:33:07 - PHP Warning:  Illegal string offset 'price' in D:\xampp\htdocs\mstore\catalog\view\theme\default\template\common\header.tpl on line 188
2015-03-09 17:33:07 - PHP Warning:  Illegal string offset 'image' in D:\xampp\htdocs\mstore\catalog\view\theme\default\template\common\header.tpl on line 186
2015-03-09 17:33:07 - PHP Warning:  Illegal string offset 'name' in D:\xampp\htdocs\mstore\catalog\view\theme\default\template\common\header.tpl on line 187
2015-03-09 17:33:07 - PHP Warning:  Illegal string offset 'price' in D:\xampp\htdocs\mstore\catalog\view\theme\default\template\common\header.tpl on line 188
2015-03-09 17:33:07 - PHP Warning:  array_chunk(): Size parameter expected to be greater than 0 in D:\xampp\htdocs\mstore\catalog\view\theme\default\template\common\header.tpl on line 173
2015-03-09 17:33:07 - PHP Warning:  Invalid argument supplied for foreach() in D:\xampp\htdocs\mstore\catalog\view\theme\default\template\common\header.tpl on line 173
2015-03-09 17:33:07 - PHP Warning:  Illegal string offset 'image' in D:\xampp\htdocs\mstore\catalog\view\theme\default\template\common\header.tpl on line 186
2015-03-09 17:33:07 - PHP Warning:  Illegal string offset 'name' in D:\xampp\htdocs\mstore\catalog\view\theme\default\template\common\header.tpl on line 187
2015-03-09 17:33:07 - PHP Warning:  Illegal string offset 'price' in D:\xampp\htdocs\mstore\catalog\view\theme\default\template\common\header.tpl on line 188
2015-03-09 17:34:33 - PHP Warning:  Illegal string offset 'image' in D:\xampp\htdocs\mstore\catalog\view\theme\default\template\common\header.tpl on line 186
2015-03-09 17:34:33 - PHP Warning:  Illegal string offset 'name' in D:\xampp\htdocs\mstore\catalog\view\theme\default\template\common\header.tpl on line 187
2015-03-09 17:34:33 - PHP Warning:  Illegal string offset 'price' in D:\xampp\htdocs\mstore\catalog\view\theme\default\template\common\header.tpl on line 188
2015-03-09 17:34:33 - PHP Warning:  Illegal string offset 'image' in D:\xampp\htdocs\mstore\catalog\view\theme\default\template\common\header.tpl on line 186
2015-03-09 17:34:33 - PHP Warning:  Illegal string offset 'name' in D:\xampp\htdocs\mstore\catalog\view\theme\default\template\common\header.tpl on line 187
2015-03-09 17:34:33 - PHP Warning:  Illegal string offset 'price' in D:\xampp\htdocs\mstore\catalog\view\theme\default\template\common\header.tpl on line 188
2015-03-09 17:34:33 - PHP Warning:  array_chunk(): Size parameter expected to be greater than 0 in D:\xampp\htdocs\mstore\catalog\view\theme\default\template\common\header.tpl on line 173
2015-03-09 17:34:33 - PHP Warning:  Invalid argument supplied for foreach() in D:\xampp\htdocs\mstore\catalog\view\theme\default\template\common\header.tpl on line 173
2015-03-09 17:34:33 - PHP Warning:  Illegal string offset 'image' in D:\xampp\htdocs\mstore\catalog\view\theme\default\template\common\header.tpl on line 186
2015-03-09 17:34:33 - PHP Warning:  Illegal string offset 'name' in D:\xampp\htdocs\mstore\catalog\view\theme\default\template\common\header.tpl on line 187
2015-03-09 17:34:33 - PHP Warning:  Illegal string offset 'price' in D:\xampp\htdocs\mstore\catalog\view\theme\default\template\common\header.tpl on line 188
2015-03-09 17:35:05 - PHP Warning:  array_chunk(): Size parameter expected to be greater than 0 in D:\xampp\htdocs\mstore\catalog\view\theme\default\template\common\header.tpl on line 173
2015-03-09 17:35:05 - PHP Warning:  Invalid argument supplied for foreach() in D:\xampp\htdocs\mstore\catalog\view\theme\default\template\common\header.tpl on line 173
2015-03-09 17:35:54 - PHP Warning:  array_chunk(): Size parameter expected to be greater than 0 in D:\xampp\htdocs\mstore\catalog\view\theme\default\template\common\header.tpl on line 173
2015-03-09 17:35:54 - PHP Warning:  Invalid argument supplied for foreach() in D:\xampp\htdocs\mstore\catalog\view\theme\default\template\common\header.tpl on line 173
2015-03-09 17:36:31 - PHP Warning:  array_chunk(): Size parameter expected to be greater than 0 in D:\xampp\htdocs\mstore\catalog\view\theme\default\template\common\header.tpl on line 173
2015-03-09 17:36:31 - PHP Warning:  Invalid argument supplied for foreach() in D:\xampp\htdocs\mstore\catalog\view\theme\default\template\common\header.tpl on line 173
2015-03-09 17:36:38 - PHP Warning:  array_chunk(): Size parameter expected to be greater than 0 in D:\xampp\htdocs\mstore\catalog\view\theme\default\template\common\header.tpl on line 173
2015-03-09 17:36:38 - PHP Warning:  Invalid argument supplied for foreach() in D:\xampp\htdocs\mstore\catalog\view\theme\default\template\common\header.tpl on line 173
2015-03-09 17:36:44 - PHP Warning:  array_chunk(): Size parameter expected to be greater than 0 in D:\xampp\htdocs\mstore\catalog\view\theme\default\template\common\header.tpl on line 173
2015-03-09 17:36:44 - PHP Warning:  Invalid argument supplied for foreach() in D:\xampp\htdocs\mstore\catalog\view\theme\default\template\common\header.tpl on line 173
2015-03-09 17:38:58 - PHP Warning:  array_chunk(): Size parameter expected to be greater than 0 in D:\xampp\htdocs\mstore\catalog\view\theme\default\template\common\header.tpl on line 173
2015-03-09 17:38:58 - PHP Warning:  Invalid argument supplied for foreach() in D:\xampp\htdocs\mstore\catalog\view\theme\default\template\common\header.tpl on line 173
2015-03-09 17:38:59 - PHP Warning:  array_chunk(): Size parameter expected to be greater than 0 in D:\xampp\htdocs\mstore\catalog\view\theme\default\template\common\header.tpl on line 173
2015-03-09 17:38:59 - PHP Warning:  Invalid argument supplied for foreach() in D:\xampp\htdocs\mstore\catalog\view\theme\default\template\common\header.tpl on line 173
2015-03-09 17:39:00 - PHP Warning:  array_chunk(): Size parameter expected to be greater than 0 in D:\xampp\htdocs\mstore\catalog\view\theme\default\template\common\header.tpl on line 173
2015-03-09 17:39:00 - PHP Warning:  Invalid argument supplied for foreach() in D:\xampp\htdocs\mstore\catalog\view\theme\default\template\common\header.tpl on line 173
2015-03-09 17:39:01 - PHP Warning:  array_chunk(): Size parameter expected to be greater than 0 in D:\xampp\htdocs\mstore\catalog\view\theme\default\template\common\header.tpl on line 173
2015-03-09 17:39:01 - PHP Warning:  Invalid argument supplied for foreach() in D:\xampp\htdocs\mstore\catalog\view\theme\default\template\common\header.tpl on line 173
2015-03-09 17:39:01 - PHP Warning:  array_chunk(): Size parameter expected to be greater than 0 in D:\xampp\htdocs\mstore\catalog\view\theme\default\template\common\header.tpl on line 173
2015-03-09 17:39:01 - PHP Warning:  Invalid argument supplied for foreach() in D:\xampp\htdocs\mstore\catalog\view\theme\default\template\common\header.tpl on line 173
2015-03-09 17:39:03 - PHP Warning:  array_chunk(): Size parameter expected to be greater than 0 in D:\xampp\htdocs\mstore\catalog\view\theme\default\template\common\header.tpl on line 173
2015-03-09 17:39:03 - PHP Warning:  Invalid argument supplied for foreach() in D:\xampp\htdocs\mstore\catalog\view\theme\default\template\common\header.tpl on line 173
2015-03-09 17:39:03 - PHP Warning:  array_chunk(): Size parameter expected to be greater than 0 in D:\xampp\htdocs\mstore\catalog\view\theme\default\template\common\header.tpl on line 173
2015-03-09 17:39:03 - PHP Warning:  Invalid argument supplied for foreach() in D:\xampp\htdocs\mstore\catalog\view\theme\default\template\common\header.tpl on line 173
2015-03-09 17:40:20 - PHP Warning:  array_chunk(): Size parameter expected to be greater than 0 in D:\xampp\htdocs\mstore\catalog\view\theme\default\template\common\header.tpl on line 173
2015-03-09 17:40:20 - PHP Warning:  Invalid argument supplied for foreach() in D:\xampp\htdocs\mstore\catalog\view\theme\default\template\common\header.tpl on line 173
2015-03-09 17:40:47 - PHP Warning:  array_chunk(): Size parameter expected to be greater than 0 in D:\xampp\htdocs\mstore\catalog\view\theme\default\template\common\header.tpl on line 173
2015-03-09 17:40:47 - PHP Warning:  Invalid argument supplied for foreach() in D:\xampp\htdocs\mstore\catalog\view\theme\default\template\common\header.tpl on line 173
2015-03-09 17:41:12 - PHP Warning:  array_chunk(): Size parameter expected to be greater than 0 in D:\xampp\htdocs\mstore\catalog\view\theme\default\template\common\header.tpl on line 173
2015-03-09 17:41:12 - PHP Warning:  Invalid argument supplied for foreach() in D:\xampp\htdocs\mstore\catalog\view\theme\default\template\common\header.tpl on line 173
2015-03-09 17:41:19 - PHP Warning:  array_chunk(): Size parameter expected to be greater than 0 in D:\xampp\htdocs\mstore\catalog\view\theme\default\template\common\header.tpl on line 173
2015-03-09 17:41:19 - PHP Warning:  Invalid argument supplied for foreach() in D:\xampp\htdocs\mstore\catalog\view\theme\default\template\common\header.tpl on line 173
2015-03-09 17:41:31 - PHP Warning:  array_chunk(): Size parameter expected to be greater than 0 in D:\xampp\htdocs\mstore\catalog\view\theme\default\template\common\header.tpl on line 173
2015-03-09 17:41:31 - PHP Warning:  Invalid argument supplied for foreach() in D:\xampp\htdocs\mstore\catalog\view\theme\default\template\common\header.tpl on line 173
2015-03-09 17:41:41 - PHP Warning:  array_chunk(): Size parameter expected to be greater than 0 in D:\xampp\htdocs\mstore\catalog\view\theme\default\template\common\header.tpl on line 173
2015-03-09 17:41:41 - PHP Warning:  Invalid argument supplied for foreach() in D:\xampp\htdocs\mstore\catalog\view\theme\default\template\common\header.tpl on line 173
2015-03-09 17:42:03 - PHP Warning:  array_chunk(): Size parameter expected to be greater than 0 in D:\xampp\htdocs\mstore\catalog\view\theme\default\template\common\header.tpl on line 173
2015-03-09 17:42:03 - PHP Warning:  Invalid argument supplied for foreach() in D:\xampp\htdocs\mstore\catalog\view\theme\default\template\common\header.tpl on line 173
